2025-01-10 12:36:45,529 INFO o.a.j.u.JMeterUtils: Setting Locale to en_EN
2025-01-10 12:36:45,609 INFO o.a.j.JMeter: Loading user properties from: D:\Work softwares\apache-jmeter-5.6.3\bin\user.properties
2025-01-10 12:36:45,627 INFO o.a.j.JMeter: Loading system properties from: D:\Work softwares\apache-jmeter-5.6.3\bin\system.properties
2025-01-10 12:36:45,637 INFO o.a.j.JMeter: Copyright (c) 1998-2024 The Apache Software Foundation
2025-01-10 12:36:45,637 INFO o.a.j.JMeter: Version 5.6.3
2025-01-10 12:36:45,637 INFO o.a.j.JMeter: java.version=17.0.11
2025-01-10 12:36:45,640 INFO o.a.j.JMeter: java.vm.name=Java HotSpot(TM) 64-Bit Server VM
2025-01-10 12:36:45,640 INFO o.a.j.JMeter: os.name=Windows 11
2025-01-10 12:36:45,640 INFO o.a.j.JMeter: os.arch=amd64
2025-01-10 12:36:45,640 INFO o.a.j.JMeter: os.version=10.0
2025-01-10 12:36:45,640 INFO o.a.j.JMeter: file.encoding=Cp1252
2025-01-10 12:36:45,640 INFO o.a.j.JMeter: java.awt.headless=true
2025-01-10 12:36:45,640 INFO o.a.j.JMeter: Max memory     =1073741824
2025-01-10 12:36:45,640 INFO o.a.j.JMeter: Available Processors =8
2025-01-10 12:36:45,656 INFO o.a.j.JMeter: Default Locale=English (EN)
2025-01-10 12:36:45,656 INFO o.a.j.JMeter: JMeter  Locale=English (EN)
2025-01-10 12:36:45,656 INFO o.a.j.JMeter: JMeterHome=D:\Work softwares\apache-jmeter-5.6.3
2025-01-10 12:36:45,656 INFO o.a.j.JMeter: user.dir  =D:\Workspace\arksworldProjects\tinyurl
2025-01-10 12:36:45,656 INFO o.a.j.JMeter: PWD       =D:\Workspace\arksworldProjects\tinyurl
2025-01-10 12:36:50,712 INFO o.a.j.JMeter: IP: 10.5.0.2 Name: Arksworld FullName: Arksworld
2025-01-10 12:36:50,728 INFO o.a.j.s.FileServer: Default base='D:\Workspace\arksworldProjects\tinyurl'
2025-01-10 12:36:50,728 INFO o.a.j.s.FileServer: Set new base='D:\Workspace\arksworldProjects\tinyurl\.\src\main\resources\loadtesting\jmeter'
2025-01-10 12:36:51,076 INFO o.a.j.s.SaveService: Testplan (JMX) version: 2.2. Testlog (JTL) version: 2.2
2025-01-10 12:36:51,141 INFO o.a.j.s.SaveService: Using SaveService properties version 5.0
2025-01-10 12:36:51,141 INFO o.a.j.s.SaveService: Using SaveService properties file encoding UTF-8
2025-01-10 12:36:51,154 INFO o.a.j.s.SaveService: Loading file: .\src\main\resources\loadtesting\jmeter\loadtest.jmx
2025-01-10 12:36:51,250 INFO o.a.j.p.h.s.HTTPSamplerBase: Parser for text/html is org.apache.jmeter.protocol.http.parser.LagartoBasedHtmlParser
2025-01-10 12:36:51,250 INFO o.a.j.p.h.s.HTTPSamplerBase: Parser for application/xhtml+xml is org.apache.jmeter.protocol.http.parser.LagartoBasedHtmlParser
2025-01-10 12:36:51,250 INFO o.a.j.p.h.s.HTTPSamplerBase: Parser for application/xml is org.apache.jmeter.protocol.http.parser.LagartoBasedHtmlParser
2025-01-10 12:36:51,250 INFO o.a.j.p.h.s.HTTPSamplerBase: Parser for text/xml is org.apache.jmeter.protocol.http.parser.LagartoBasedHtmlParser
2025-01-10 12:36:51,250 INFO o.a.j.p.h.s.HTTPSamplerBase: Parser for text/vnd.wap.wml is org.apache.jmeter.protocol.http.parser.RegexpHTMLParser
2025-01-10 12:36:51,250 INFO o.a.j.p.h.s.HTTPSamplerBase: Parser for text/css is org.apache.jmeter.protocol.http.parser.CssParser
2025-01-10 12:36:51,299 INFO o.a.j.JMeter: Creating summariser <summary>
2025-01-10 12:36:51,332 INFO o.a.j.e.StandardJMeterEngine: Running the test!
2025-01-10 12:36:51,332 INFO o.a.j.s.SampleEvent: List of sample_variables: []
2025-01-10 12:36:51,332 INFO o.a.j.s.SampleEvent: List of sample_variables: []
2025-01-10 12:36:51,332 INFO o.a.j.e.u.CompoundVariable: Note: Function class names must contain the string: '.functions.'
2025-01-10 12:36:51,332 INFO o.a.j.e.u.CompoundVariable: Note: Function class names must not contain the string: '.gui.'
2025-01-10 12:36:51,451 INFO o.a.j.JMeter: Running test (1736492811451)
2025-01-10 12:36:51,471 INFO o.a.j.e.StandardJMeterEngine: Starting ThreadGroup: 1 : Thread Group
2025-01-10 12:36:51,471 INFO o.a.j.e.StandardJMeterEngine: Starting 100 threads for group Thread Group.
2025-01-10 12:36:51,471 INFO o.a.j.e.StandardJMeterEngine: Thread will continue on error
2025-01-10 12:36:51,471 INFO o.a.j.t.ThreadGroup: Starting thread group... number=1 threads=100 ramp-up=30 delayedStart=false
2025-01-10 12:36:51,485 INFO o.a.j.t.JMeterThread: Thread started: Thread Group 1-1
2025-01-10 12:36:51,525 INFO o.a.j.p.h.s.HTTPHCAbstractImpl: Local host = Arksworld
2025-01-10 12:36:51,536 INFO o.a.j.t.ThreadGroup: Started thread group number 1
2025-01-10 12:36:51,536 INFO o.a.j.e.StandardJMeterEngine: All thread groups have been started
2025-01-10 12:36:51,537 INFO o.a.j.p.h.s.HTTPHC4Impl: HTTP request retry count = 0
2025-01-10 12:36:51,540 INFO o.a.j.s.SampleResult: Note: Sample TimeStamps are START times
2025-01-10 12:36:51,540 INFO o.a.j.s.SampleResult: sampleresult.default.encoding is set to UTF-8
2025-01-10 12:36:51,541 INFO o.a.j.s.SampleResult: sampleresult.useNanoTime=true
2025-01-10 12:36:51,541 INFO o.a.j.s.SampleResult: sampleresult.nanoThreadSleep=5000
2025-01-10 12:36:51,682 INFO o.a.j.t.JMeterThread: Thread is done: Thread Group 1-1
2025-01-10 12:36:51,682 INFO o.a.j.t.JMeterThread: Thread finished: Thread Group 1-1
2025-01-10 12:36:51,781 INFO o.a.j.t.JMeterThread: Thread started: Thread Group 1-2
2025-01-10 12:36:51,785 INFO o.a.j.t.JMeterThread: Thread is done: Thread Group 1-2
2025-01-10 12:36:51,785 INFO o.a.j.t.JMeterThread: Thread finished: Thread Group 1-2
2025-01-10 12:36:52,090 INFO o.a.j.t.JMeterThread: Thread started: Thread Group 1-3
2025-01-10 12:36:52,107 INFO o.a.j.t.JMeterThread: Thread is done: Thread Group 1-3
2025-01-10 12:36:52,107 INFO o.a.j.t.JMeterThread: Thread finished: Thread Group 1-3
2025-01-10 12:36:52,382 INFO o.a.j.t.JMeterThread: Thread started: Thread Group 1-4
2025-01-10 12:36:52,386 INFO o.a.j.t.JMeterThread: Thread is done: Thread Group 1-4
2025-01-10 12:36:52,386 INFO o.a.j.t.JMeterThread: Thread finished: Thread Group 1-4
2025-01-10 12:36:52,677 INFO o.a.j.t.JMeterThread: Thread started: Thread Group 1-5
2025-01-10 12:36:52,680 INFO o.a.j.t.JMeterThread: Thread is done: Thread Group 1-5
2025-01-10 12:36:52,680 INFO o.a.j.t.JMeterThread: Thread finished: Thread Group 1-5
2025-01-10 12:36:52,976 INFO o.a.j.t.JMeterThread: Thread started: Thread Group 1-6
2025-01-10 12:36:52,978 INFO o.a.j.t.JMeterThread: Thread is done: Thread Group 1-6
2025-01-10 12:36:52,978 INFO o.a.j.t.JMeterThread: Thread finished: Thread Group 1-6
2025-01-10 12:36:53,274 INFO o.a.j.t.JMeterThread: Thread started: Thread Group 1-7
2025-01-10 12:36:53,276 INFO o.a.j.t.JMeterThread: Thread is done: Thread Group 1-7
2025-01-10 12:36:53,276 INFO o.a.j.t.JMeterThread: Thread finished: Thread Group 1-7
2025-01-10 12:36:53,572 INFO o.a.j.t.JMeterThread: Thread started: Thread Group 1-8
2025-01-10 12:36:53,575 INFO o.a.j.t.JMeterThread: Thread is done: Thread Group 1-8
2025-01-10 12:36:53,575 INFO o.a.j.t.JMeterThread: Thread finished: Thread Group 1-8
2025-01-10 12:36:53,873 INFO o.a.j.t.JMeterThread: Thread started: Thread Group 1-9
2025-01-10 12:36:53,875 INFO o.a.j.t.JMeterThread: Thread is done: Thread Group 1-9
2025-01-10 12:36:53,875 INFO o.a.j.t.JMeterThread: Thread finished: Thread Group 1-9
2025-01-10 12:36:54,172 INFO o.a.j.t.JMeterThread: Thread started: Thread Group 1-10
2025-01-10 12:36:54,174 INFO o.a.j.t.JMeterThread: Thread is done: Thread Group 1-10
2025-01-10 12:36:54,174 INFO o.a.j.t.JMeterThread: Thread finished: Thread Group 1-10
2025-01-10 12:36:54,473 INFO o.a.j.t.JMeterThread: Thread started: Thread Group 1-11
2025-01-10 12:36:54,473 INFO o.a.j.t.JMeterThread: Thread is done: Thread Group 1-11
2025-01-10 12:36:54,473 INFO o.a.j.t.JMeterThread: Thread finished: Thread Group 1-11
2025-01-10 12:36:54,775 INFO o.a.j.t.JMeterThread: Thread started: Thread Group 1-12
2025-01-10 12:36:54,777 INFO o.a.j.t.JMeterThread: Thread is done: Thread Group 1-12
2025-01-10 12:36:54,777 INFO o.a.j.t.JMeterThread: Thread finished: Thread Group 1-12
2025-01-10 12:36:55,072 INFO o.a.j.t.JMeterThread: Thread started: Thread Group 1-13
2025-01-10 12:36:55,075 INFO o.a.j.t.JMeterThread: Thread is done: Thread Group 1-13
2025-01-10 12:36:55,075 INFO o.a.j.t.JMeterThread: Thread finished: Thread Group 1-13
2025-01-10 12:36:55,377 INFO o.a.j.t.JMeterThread: Thread started: Thread Group 1-14
2025-01-10 12:36:55,379 INFO o.a.j.t.JMeterThread: Thread is done: Thread Group 1-14
2025-01-10 12:36:55,379 INFO o.a.j.t.JMeterThread: Thread finished: Thread Group 1-14
2025-01-10 12:36:55,675 INFO o.a.j.t.JMeterThread: Thread started: Thread Group 1-15
2025-01-10 12:36:55,677 INFO o.a.j.t.JMeterThread: Thread is done: Thread Group 1-15
2025-01-10 12:36:55,677 INFO o.a.j.t.JMeterThread: Thread finished: Thread Group 1-15
2025-01-10 12:36:55,975 INFO o.a.j.t.JMeterThread: Thread started: Thread Group 1-16
2025-01-10 12:36:55,977 INFO o.a.j.t.JMeterThread: Thread is done: Thread Group 1-16
2025-01-10 12:36:55,977 INFO o.a.j.t.JMeterThread: Thread finished: Thread Group 1-16
2025-01-10 12:36:56,273 INFO o.a.j.t.JMeterThread: Thread started: Thread Group 1-17
2025-01-10 12:36:56,275 INFO o.a.j.t.JMeterThread: Thread is done: Thread Group 1-17
2025-01-10 12:36:56,275 INFO o.a.j.t.JMeterThread: Thread finished: Thread Group 1-17
2025-01-10 12:36:56,574 INFO o.a.j.t.JMeterThread: Thread started: Thread Group 1-18
2025-01-10 12:36:56,576 INFO o.a.j.t.JMeterThread: Thread is done: Thread Group 1-18
2025-01-10 12:36:56,576 INFO o.a.j.t.JMeterThread: Thread finished: Thread Group 1-18
2025-01-10 12:36:56,872 INFO o.a.j.t.JMeterThread: Thread started: Thread Group 1-19
2025-01-10 12:36:56,875 INFO o.a.j.t.JMeterThread: Thread is done: Thread Group 1-19
2025-01-10 12:36:56,875 INFO o.a.j.t.JMeterThread: Thread finished: Thread Group 1-19
2025-01-10 12:36:57,172 INFO o.a.j.t.JMeterThread: Thread started: Thread Group 1-20
2025-01-10 12:36:57,174 INFO o.a.j.t.JMeterThread: Thread is done: Thread Group 1-20
2025-01-10 12:36:57,174 INFO o.a.j.t.JMeterThread: Thread finished: Thread Group 1-20
2025-01-10 12:36:57,471 INFO o.a.j.t.JMeterThread: Thread started: Thread Group 1-21
2025-01-10 12:36:57,471 INFO o.a.j.t.JMeterThread: Thread is done: Thread Group 1-21
2025-01-10 12:36:57,471 INFO o.a.j.t.JMeterThread: Thread finished: Thread Group 1-21
2025-01-10 12:36:57,774 INFO o.a.j.t.JMeterThread: Thread started: Thread Group 1-22
2025-01-10 12:36:57,776 INFO o.a.j.t.JMeterThread: Thread is done: Thread Group 1-22
2025-01-10 12:36:57,776 INFO o.a.j.t.JMeterThread: Thread finished: Thread Group 1-22
2025-01-10 12:36:58,073 INFO o.a.j.t.JMeterThread: Thread started: Thread Group 1-23
2025-01-10 12:36:58,075 INFO o.a.j.t.JMeterThread: Thread is done: Thread Group 1-23
2025-01-10 12:36:58,075 INFO o.a.j.t.JMeterThread: Thread finished: Thread Group 1-23
2025-01-10 12:36:58,373 INFO o.a.j.t.JMeterThread: Thread started: Thread Group 1-24
2025-01-10 12:36:58,375 INFO o.a.j.t.JMeterThread: Thread is done: Thread Group 1-24
2025-01-10 12:36:58,375 INFO o.a.j.t.JMeterThread: Thread finished: Thread Group 1-24
2025-01-10 12:36:58,672 INFO o.a.j.t.JMeterThread: Thread started: Thread Group 1-25
2025-01-10 12:36:58,674 INFO o.a.j.t.JMeterThread: Thread is done: Thread Group 1-25
2025-01-10 12:36:58,674 INFO o.a.j.t.JMeterThread: Thread finished: Thread Group 1-25
2025-01-10 12:36:58,982 INFO o.a.j.t.JMeterThread: Thread started: Thread Group 1-26
2025-01-10 12:36:58,984 INFO o.a.j.t.JMeterThread: Thread is done: Thread Group 1-26
2025-01-10 12:36:58,984 INFO o.a.j.t.JMeterThread: Thread finished: Thread Group 1-26
2025-01-10 12:36:59,275 INFO o.a.j.t.JMeterThread: Thread started: Thread Group 1-27
2025-01-10 12:36:59,275 INFO o.a.j.t.JMeterThread: Thread is done: Thread Group 1-27
2025-01-10 12:36:59,275 INFO o.a.j.t.JMeterThread: Thread finished: Thread Group 1-27
2025-01-10 12:36:59,573 INFO o.a.j.t.JMeterThread: Thread started: Thread Group 1-28
2025-01-10 12:36:59,575 INFO o.a.j.t.JMeterThread: Thread is done: Thread Group 1-28
2025-01-10 12:36:59,575 INFO o.a.j.t.JMeterThread: Thread finished: Thread Group 1-28
2025-01-10 12:36:59,873 INFO o.a.j.t.JMeterThread: Thread started: Thread Group 1-29
2025-01-10 12:36:59,875 INFO o.a.j.t.JMeterThread: Thread is done: Thread Group 1-29
2025-01-10 12:36:59,875 INFO o.a.j.t.JMeterThread: Thread finished: Thread Group 1-29
2025-01-10 12:37:00,172 INFO o.a.j.t.JMeterThread: Thread started: Thread Group 1-30
2025-01-10 12:37:00,177 INFO o.a.j.r.Summariser: summary +     30 in 00:00:09 =    3.4/s Avg:     2 Min:     0 Max:    36 Err:    30 (100.00%) Active: 1 Started: 30 Finished: 29
2025-01-10 12:37:00,177 INFO o.a.j.t.JMeterThread: Thread is done: Thread Group 1-30
2025-01-10 12:37:00,177 INFO o.a.j.t.JMeterThread: Thread finished: Thread Group 1-30
2025-01-10 12:37:00,473 INFO o.a.j.t.JMeterThread: Thread started: Thread Group 1-31
2025-01-10 12:37:00,473 INFO o.a.j.t.JMeterThread: Thread is done: Thread Group 1-31
2025-01-10 12:37:00,473 INFO o.a.j.t.JMeterThread: Thread finished: Thread Group 1-31
2025-01-10 12:37:00,773 INFO o.a.j.t.JMeterThread: Thread started: Thread Group 1-32
2025-01-10 12:37:00,775 INFO o.a.j.t.JMeterThread: Thread is done: Thread Group 1-32
2025-01-10 12:37:00,775 INFO o.a.j.t.JMeterThread: Thread finished: Thread Group 1-32
2025-01-10 12:37:01,072 INFO o.a.j.t.JMeterThread: Thread started: Thread Group 1-33
2025-01-10 12:37:01,075 INFO o.a.j.t.JMeterThread: Thread is done: Thread Group 1-33
2025-01-10 12:37:01,075 INFO o.a.j.t.JMeterThread: Thread finished: Thread Group 1-33
2025-01-10 12:37:01,373 INFO o.a.j.t.JMeterThread: Thread started: Thread Group 1-34
2025-01-10 12:37:01,375 INFO o.a.j.t.JMeterThread: Thread is done: Thread Group 1-34
2025-01-10 12:37:01,375 INFO o.a.j.t.JMeterThread: Thread finished: Thread Group 1-34
2025-01-10 12:37:01,671 INFO o.a.j.t.JMeterThread: Thread started: Thread Group 1-35
2025-01-10 12:37:01,673 INFO o.a.j.t.JMeterThread: Thread is done: Thread Group 1-35
2025-01-10 12:37:01,673 INFO o.a.j.t.JMeterThread: Thread finished: Thread Group 1-35
2025-01-10 12:37:01,972 INFO o.a.j.t.JMeterThread: Thread started: Thread Group 1-36
2025-01-10 12:37:01,974 INFO o.a.j.t.JMeterThread: Thread is done: Thread Group 1-36
2025-01-10 12:37:01,974 INFO o.a.j.t.JMeterThread: Thread finished: Thread Group 1-36
2025-01-10 12:37:02,273 INFO o.a.j.t.JMeterThread: Thread started: Thread Group 1-37
2025-01-10 12:37:02,275 INFO o.a.j.t.JMeterThread: Thread is done: Thread Group 1-37
2025-01-10 12:37:02,275 INFO o.a.j.t.JMeterThread: Thread finished: Thread Group 1-37
2025-01-10 12:37:02,572 INFO o.a.j.t.JMeterThread: Thread started: Thread Group 1-38
2025-01-10 12:37:02,574 INFO o.a.j.t.JMeterThread: Thread is done: Thread Group 1-38
2025-01-10 12:37:02,574 INFO o.a.j.t.JMeterThread: Thread finished: Thread Group 1-38
2025-01-10 12:37:02,873 INFO o.a.j.t.JMeterThread: Thread started: Thread Group 1-39
2025-01-10 12:37:02,875 INFO o.a.j.t.JMeterThread: Thread is done: Thread Group 1-39
2025-01-10 12:37:02,875 INFO o.a.j.t.JMeterThread: Thread finished: Thread Group 1-39
2025-01-10 12:37:03,173 INFO o.a.j.t.JMeterThread: Thread started: Thread Group 1-40
2025-01-10 12:37:03,176 INFO o.a.j.t.JMeterThread: Thread is done: Thread Group 1-40
2025-01-10 12:37:03,176 INFO o.a.j.t.JMeterThread: Thread finished: Thread Group 1-40
2025-01-10 12:37:03,472 INFO o.a.j.t.JMeterThread: Thread started: Thread Group 1-41
2025-01-10 12:37:03,474 INFO o.a.j.t.JMeterThread: Thread is done: Thread Group 1-41
2025-01-10 12:37:03,474 INFO o.a.j.t.JMeterThread: Thread finished: Thread Group 1-41
2025-01-10 12:37:03,772 INFO o.a.j.t.JMeterThread: Thread started: Thread Group 1-42
2025-01-10 12:37:03,774 INFO o.a.j.t.JMeterThread: Thread is done: Thread Group 1-42
2025-01-10 12:37:03,774 INFO o.a.j.t.JMeterThread: Thread finished: Thread Group 1-42
2025-01-10 12:37:04,073 INFO o.a.j.t.JMeterThread: Thread started: Thread Group 1-43
2025-01-10 12:37:04,075 INFO o.a.j.t.JMeterThread: Thread is done: Thread Group 1-43
2025-01-10 12:37:04,075 INFO o.a.j.t.JMeterThread: Thread finished: Thread Group 1-43
2025-01-10 12:37:04,371 INFO o.a.j.t.JMeterThread: Thread started: Thread Group 1-44
2025-01-10 12:37:04,374 INFO o.a.j.t.JMeterThread: Thread is done: Thread Group 1-44
2025-01-10 12:37:04,374 INFO o.a.j.t.JMeterThread: Thread finished: Thread Group 1-44
2025-01-10 12:37:04,673 INFO o.a.j.t.JMeterThread: Thread started: Thread Group 1-45
2025-01-10 12:37:04,675 INFO o.a.j.t.JMeterThread: Thread is done: Thread Group 1-45
2025-01-10 12:37:04,675 INFO o.a.j.t.JMeterThread: Thread finished: Thread Group 1-45
2025-01-10 12:37:04,973 INFO o.a.j.t.JMeterThread: Thread started: Thread Group 1-46
2025-01-10 12:37:04,975 INFO o.a.j.t.JMeterThread: Thread is done: Thread Group 1-46
2025-01-10 12:37:04,975 INFO o.a.j.t.JMeterThread: Thread finished: Thread Group 1-46
2025-01-10 12:37:05,273 INFO o.a.j.t.JMeterThread: Thread started: Thread Group 1-47
2025-01-10 12:37:05,275 INFO o.a.j.t.JMeterThread: Thread is done: Thread Group 1-47
2025-01-10 12:37:05,275 INFO o.a.j.t.JMeterThread: Thread finished: Thread Group 1-47
2025-01-10 12:37:05,573 INFO o.a.j.t.JMeterThread: Thread started: Thread Group 1-48
2025-01-10 12:37:05,575 INFO o.a.j.t.JMeterThread: Thread is done: Thread Group 1-48
2025-01-10 12:37:05,575 INFO o.a.j.t.JMeterThread: Thread finished: Thread Group 1-48
2025-01-10 12:37:05,873 INFO o.a.j.t.JMeterThread: Thread started: Thread Group 1-49
2025-01-10 12:37:05,875 INFO o.a.j.t.JMeterThread: Thread is done: Thread Group 1-49
2025-01-10 12:37:05,875 INFO o.a.j.t.JMeterThread: Thread finished: Thread Group 1-49
2025-01-10 12:37:06,173 INFO o.a.j.t.JMeterThread: Thread started: Thread Group 1-50
2025-01-10 12:37:06,175 INFO o.a.j.t.JMeterThread: Thread is done: Thread Group 1-50
2025-01-10 12:37:06,175 INFO o.a.j.t.JMeterThread: Thread finished: Thread Group 1-50
2025-01-10 12:37:06,473 INFO o.a.j.t.JMeterThread: Thread started: Thread Group 1-51
2025-01-10 12:37:06,475 INFO o.a.j.t.JMeterThread: Thread is done: Thread Group 1-51
2025-01-10 12:37:06,475 INFO o.a.j.t.JMeterThread: Thread finished: Thread Group 1-51
2025-01-10 12:37:06,772 INFO o.a.j.t.JMeterThread: Thread started: Thread Group 1-52
2025-01-10 12:37:06,775 INFO o.a.j.t.JMeterThread: Thread is done: Thread Group 1-52
2025-01-10 12:37:06,775 INFO o.a.j.t.JMeterThread: Thread finished: Thread Group 1-52
2025-01-10 12:37:07,072 INFO o.a.j.t.JMeterThread: Thread started: Thread Group 1-53
2025-01-10 12:37:07,076 INFO o.a.j.t.JMeterThread: Thread is done: Thread Group 1-53
2025-01-10 12:37:07,076 INFO o.a.j.t.JMeterThread: Thread finished: Thread Group 1-53
2025-01-10 12:37:07,373 INFO o.a.j.t.JMeterThread: Thread started: Thread Group 1-54
2025-01-10 12:37:07,375 INFO o.a.j.t.JMeterThread: Thread is done: Thread Group 1-54
2025-01-10 12:37:07,375 INFO o.a.j.t.JMeterThread: Thread finished: Thread Group 1-54
2025-01-10 12:37:07,672 INFO o.a.j.t.JMeterThread: Thread started: Thread Group 1-55
2025-01-10 12:37:07,675 INFO o.a.j.t.JMeterThread: Thread is done: Thread Group 1-55
2025-01-10 12:37:07,675 INFO o.a.j.t.JMeterThread: Thread finished: Thread Group 1-55
2025-01-10 12:37:07,973 INFO o.a.j.t.JMeterThread: Thread started: Thread Group 1-56
2025-01-10 12:37:07,975 INFO o.a.j.t.JMeterThread: Thread is done: Thread Group 1-56
2025-01-10 12:37:07,975 INFO o.a.j.t.JMeterThread: Thread finished: Thread Group 1-56
2025-01-10 12:37:08,273 INFO o.a.j.t.JMeterThread: Thread started: Thread Group 1-57
2025-01-10 12:37:08,275 INFO o.a.j.t.JMeterThread: Thread is done: Thread Group 1-57
2025-01-10 12:37:08,276 INFO o.a.j.t.JMeterThread: Thread finished: Thread Group 1-57
2025-01-10 12:37:08,573 INFO o.a.j.t.JMeterThread: Thread started: Thread Group 1-58
2025-01-10 12:37:08,575 INFO o.a.j.t.JMeterThread: Thread is done: Thread Group 1-58
2025-01-10 12:37:08,575 INFO o.a.j.t.JMeterThread: Thread finished: Thread Group 1-58
2025-01-10 12:37:08,873 INFO o.a.j.t.JMeterThread: Thread started: Thread Group 1-59
2025-01-10 12:37:08,875 INFO o.a.j.t.JMeterThread: Thread is done: Thread Group 1-59
2025-01-10 12:37:08,875 INFO o.a.j.t.JMeterThread: Thread finished: Thread Group 1-59
2025-01-10 12:37:09,172 INFO o.a.j.t.JMeterThread: Thread started: Thread Group 1-60
2025-01-10 12:37:09,174 INFO o.a.j.t.JMeterThread: Thread is done: Thread Group 1-60
2025-01-10 12:37:09,174 INFO o.a.j.t.JMeterThread: Thread finished: Thread Group 1-60
2025-01-10 12:37:09,474 INFO o.a.j.t.JMeterThread: Thread started: Thread Group 1-61
2025-01-10 12:37:09,476 INFO o.a.j.t.JMeterThread: Thread is done: Thread Group 1-61
2025-01-10 12:37:09,476 INFO o.a.j.t.JMeterThread: Thread finished: Thread Group 1-61
2025-01-10 12:37:09,772 INFO o.a.j.t.JMeterThread: Thread started: Thread Group 1-62
2025-01-10 12:37:09,774 INFO o.a.j.t.JMeterThread: Thread is done: Thread Group 1-62
2025-01-10 12:37:09,774 INFO o.a.j.t.JMeterThread: Thread finished: Thread Group 1-62
2025-01-10 12:37:10,072 INFO o.a.j.t.JMeterThread: Thread started: Thread Group 1-63
2025-01-10 12:37:10,075 INFO o.a.j.t.JMeterThread: Thread is done: Thread Group 1-63
2025-01-10 12:37:10,075 INFO o.a.j.t.JMeterThread: Thread finished: Thread Group 1-63
2025-01-10 12:37:10,372 INFO o.a.j.t.JMeterThread: Thread started: Thread Group 1-64
2025-01-10 12:37:10,374 INFO o.a.j.t.JMeterThread: Thread is done: Thread Group 1-64
2025-01-10 12:37:10,374 INFO o.a.j.t.JMeterThread: Thread finished: Thread Group 1-64
2025-01-10 12:37:10,683 INFO o.a.j.t.JMeterThread: Thread started: Thread Group 1-65
2025-01-10 12:37:10,685 INFO o.a.j.t.JMeterThread: Thread is done: Thread Group 1-65
2025-01-10 12:37:10,685 INFO o.a.j.t.JMeterThread: Thread finished: Thread Group 1-65
2025-01-10 12:37:10,972 INFO o.a.j.t.JMeterThread: Thread started: Thread Group 1-66
2025-01-10 12:37:10,974 INFO o.a.j.t.JMeterThread: Thread is done: Thread Group 1-66
2025-01-10 12:37:10,974 INFO o.a.j.t.JMeterThread: Thread finished: Thread Group 1-66
2025-01-10 12:37:11,283 INFO o.a.j.t.JMeterThread: Thread started: Thread Group 1-67
2025-01-10 12:37:11,285 INFO o.a.j.t.JMeterThread: Thread is done: Thread Group 1-67
2025-01-10 12:37:11,285 INFO o.a.j.t.JMeterThread: Thread finished: Thread Group 1-67
2025-01-10 12:37:11,579 INFO o.a.j.t.JMeterThread: Thread started: Thread Group 1-68
2025-01-10 12:37:11,581 INFO o.a.j.t.JMeterThread: Thread is done: Thread Group 1-68
2025-01-10 12:37:11,581 INFO o.a.j.t.JMeterThread: Thread finished: Thread Group 1-68
2025-01-10 12:37:11,872 INFO o.a.j.t.JMeterThread: Thread started: Thread Group 1-69
2025-01-10 12:37:11,874 INFO o.a.j.t.JMeterThread: Thread is done: Thread Group 1-69
2025-01-10 12:37:11,874 INFO o.a.j.t.JMeterThread: Thread finished: Thread Group 1-69
2025-01-10 12:37:12,172 INFO o.a.j.t.JMeterThread: Thread started: Thread Group 1-70
2025-01-10 12:37:12,174 INFO o.a.j.t.JMeterThread: Thread is done: Thread Group 1-70
2025-01-10 12:37:12,174 INFO o.a.j.t.JMeterThread: Thread finished: Thread Group 1-70
2025-01-10 12:37:12,473 INFO o.a.j.t.JMeterThread: Thread started: Thread Group 1-71
2025-01-10 12:37:12,475 INFO o.a.j.t.JMeterThread: Thread is done: Thread Group 1-71
2025-01-10 12:37:12,475 INFO o.a.j.t.JMeterThread: Thread finished: Thread Group 1-71
2025-01-10 12:37:12,771 INFO o.a.j.t.JMeterThread: Thread started: Thread Group 1-72
2025-01-10 12:37:12,773 INFO o.a.j.t.JMeterThread: Thread is done: Thread Group 1-72
2025-01-10 12:37:12,773 INFO o.a.j.t.JMeterThread: Thread finished: Thread Group 1-72
2025-01-10 12:37:13,073 INFO o.a.j.t.JMeterThread: Thread started: Thread Group 1-73
2025-01-10 12:37:13,075 INFO o.a.j.t.JMeterThread: Thread is done: Thread Group 1-73
2025-01-10 12:37:13,075 INFO o.a.j.t.JMeterThread: Thread finished: Thread Group 1-73
2025-01-10 12:37:13,373 INFO o.a.j.t.JMeterThread: Thread started: Thread Group 1-74
2025-01-10 12:37:13,375 INFO o.a.j.t.JMeterThread: Thread is done: Thread Group 1-74
2025-01-10 12:37:13,375 INFO o.a.j.t.JMeterThread: Thread finished: Thread Group 1-74
2025-01-10 12:37:13,684 INFO o.a.j.t.JMeterThread: Thread started: Thread Group 1-75
2025-01-10 12:37:13,686 INFO o.a.j.t.JMeterThread: Thread is done: Thread Group 1-75
2025-01-10 12:37:13,686 INFO o.a.j.t.JMeterThread: Thread finished: Thread Group 1-75
2025-01-10 12:37:13,972 INFO o.a.j.t.JMeterThread: Thread started: Thread Group 1-76
2025-01-10 12:37:13,974 INFO o.a.j.t.JMeterThread: Thread is done: Thread Group 1-76
2025-01-10 12:37:13,974 INFO o.a.j.t.JMeterThread: Thread finished: Thread Group 1-76
2025-01-10 12:37:14,271 INFO o.a.j.t.JMeterThread: Thread started: Thread Group 1-77
2025-01-10 12:37:14,273 INFO o.a.j.t.JMeterThread: Thread is done: Thread Group 1-77
2025-01-10 12:37:14,273 INFO o.a.j.t.JMeterThread: Thread finished: Thread Group 1-77
2025-01-10 12:37:14,572 INFO o.a.j.t.JMeterThread: Thread started: Thread Group 1-78
2025-01-10 12:37:14,575 INFO o.a.j.t.JMeterThread: Thread is done: Thread Group 1-78
2025-01-10 12:37:14,575 INFO o.a.j.t.JMeterThread: Thread finished: Thread Group 1-78
2025-01-10 12:37:14,873 INFO o.a.j.t.JMeterThread: Thread started: Thread Group 1-79
2025-01-10 12:37:14,875 INFO o.a.j.t.JMeterThread: Thread is done: Thread Group 1-79
2025-01-10 12:37:14,875 INFO o.a.j.t.JMeterThread: Thread finished: Thread Group 1-79
2025-01-10 12:37:15,174 INFO o.a.j.t.JMeterThread: Thread started: Thread Group 1-80
2025-01-10 12:37:15,174 INFO o.a.j.t.JMeterThread: Thread is done: Thread Group 1-80
2025-01-10 12:37:15,174 INFO o.a.j.t.JMeterThread: Thread finished: Thread Group 1-80
2025-01-10 12:37:15,485 INFO o.a.j.t.JMeterThread: Thread started: Thread Group 1-81
2025-01-10 12:37:15,485 INFO o.a.j.t.JMeterThread: Thread is done: Thread Group 1-81
2025-01-10 12:37:15,485 INFO o.a.j.t.JMeterThread: Thread finished: Thread Group 1-81
2025-01-10 12:37:15,784 INFO o.a.j.t.JMeterThread: Thread started: Thread Group 1-82
2025-01-10 12:37:15,784 INFO o.a.j.t.JMeterThread: Thread is done: Thread Group 1-82
2025-01-10 12:37:15,784 INFO o.a.j.t.JMeterThread: Thread finished: Thread Group 1-82
2025-01-10 12:37:16,078 INFO o.a.j.t.JMeterThread: Thread started: Thread Group 1-83
2025-01-10 12:37:16,078 INFO o.a.j.t.JMeterThread: Thread is done: Thread Group 1-83
2025-01-10 12:37:16,078 INFO o.a.j.t.JMeterThread: Thread finished: Thread Group 1-83
2025-01-10 12:37:16,373 INFO o.a.j.t.JMeterThread: Thread started: Thread Group 1-84
2025-01-10 12:37:16,373 INFO o.a.j.t.JMeterThread: Thread is done: Thread Group 1-84
2025-01-10 12:37:16,373 INFO o.a.j.t.JMeterThread: Thread finished: Thread Group 1-84
2025-01-10 12:37:16,681 INFO o.a.j.t.JMeterThread: Thread started: Thread Group 1-85
2025-01-10 12:37:16,681 INFO o.a.j.t.JMeterThread: Thread is done: Thread Group 1-85
2025-01-10 12:37:16,681 INFO o.a.j.t.JMeterThread: Thread finished: Thread Group 1-85
2025-01-10 12:37:16,974 INFO o.a.j.t.JMeterThread: Thread started: Thread Group 1-86
2025-01-10 12:37:16,976 INFO o.a.j.t.JMeterThread: Thread is done: Thread Group 1-86
2025-01-10 12:37:16,976 INFO o.a.j.t.JMeterThread: Thread finished: Thread Group 1-86
2025-01-10 12:37:17,283 INFO o.a.j.t.JMeterThread: Thread started: Thread Group 1-87
2025-01-10 12:37:17,284 INFO o.a.j.t.JMeterThread: Thread is done: Thread Group 1-87
2025-01-10 12:37:17,284 INFO o.a.j.t.JMeterThread: Thread finished: Thread Group 1-87
2025-01-10 12:37:17,575 INFO o.a.j.t.JMeterThread: Thread started: Thread Group 1-88
2025-01-10 12:37:17,575 INFO o.a.j.t.JMeterThread: Thread is done: Thread Group 1-88
2025-01-10 12:37:17,575 INFO o.a.j.t.JMeterThread: Thread finished: Thread Group 1-88
2025-01-10 12:37:17,885 INFO o.a.j.t.JMeterThread: Thread started: Thread Group 1-89
2025-01-10 12:37:17,886 INFO o.a.j.t.JMeterThread: Thread is done: Thread Group 1-89
2025-01-10 12:37:17,886 INFO o.a.j.t.JMeterThread: Thread finished: Thread Group 1-89
2025-01-10 12:37:18,179 INFO o.a.j.t.JMeterThread: Thread started: Thread Group 1-90
2025-01-10 12:37:18,179 INFO o.a.j.t.JMeterThread: Thread is done: Thread Group 1-90
2025-01-10 12:37:18,179 INFO o.a.j.t.JMeterThread: Thread finished: Thread Group 1-90
2025-01-10 12:37:18,486 INFO o.a.j.t.JMeterThread: Thread started: Thread Group 1-91
2025-01-10 12:37:18,488 INFO o.a.j.t.JMeterThread: Thread is done: Thread Group 1-91
2025-01-10 12:37:18,488 INFO o.a.j.t.JMeterThread: Thread finished: Thread Group 1-91
2025-01-10 12:37:18,781 INFO o.a.j.t.JMeterThread: Thread started: Thread Group 1-92
2025-01-10 12:37:18,781 INFO o.a.j.t.JMeterThread: Thread is done: Thread Group 1-92
2025-01-10 12:37:18,781 INFO o.a.j.t.JMeterThread: Thread finished: Thread Group 1-92
2025-01-10 12:37:19,087 INFO o.a.j.t.JMeterThread: Thread started: Thread Group 1-93
2025-01-10 12:37:19,087 INFO o.a.j.t.JMeterThread: Thread is done: Thread Group 1-93
2025-01-10 12:37:19,087 INFO o.a.j.t.JMeterThread: Thread finished: Thread Group 1-93
2025-01-10 12:37:19,374 INFO o.a.j.t.JMeterThread: Thread started: Thread Group 1-94
2025-01-10 12:37:19,374 INFO o.a.j.t.JMeterThread: Thread is done: Thread Group 1-94
2025-01-10 12:37:19,374 INFO o.a.j.t.JMeterThread: Thread finished: Thread Group 1-94
2025-01-10 12:37:19,677 INFO o.a.j.t.JMeterThread: Thread started: Thread Group 1-95
2025-01-10 12:37:19,677 INFO o.a.j.t.JMeterThread: Thread is done: Thread Group 1-95
2025-01-10 12:37:19,677 INFO o.a.j.t.JMeterThread: Thread finished: Thread Group 1-95
2025-01-10 12:37:19,983 INFO o.a.j.t.JMeterThread: Thread started: Thread Group 1-96
2025-01-10 12:37:19,983 INFO o.a.j.t.JMeterThread: Thread is done: Thread Group 1-96
2025-01-10 12:37:19,983 INFO o.a.j.t.JMeterThread: Thread finished: Thread Group 1-96
2025-01-10 12:37:20,280 INFO o.a.j.t.JMeterThread: Thread started: Thread Group 1-97
2025-01-10 12:37:20,280 INFO o.a.j.t.JMeterThread: Thread is done: Thread Group 1-97
2025-01-10 12:37:20,280 INFO o.a.j.t.JMeterThread: Thread finished: Thread Group 1-97
2025-01-10 12:37:20,576 INFO o.a.j.t.JMeterThread: Thread started: Thread Group 1-98
2025-01-10 12:37:20,576 INFO o.a.j.t.JMeterThread: Thread is done: Thread Group 1-98
2025-01-10 12:37:20,576 INFO o.a.j.t.JMeterThread: Thread finished: Thread Group 1-98
2025-01-10 12:37:20,875 INFO o.a.j.t.JMeterThread: Thread started: Thread Group 1-99
2025-01-10 12:37:20,875 INFO o.a.j.t.JMeterThread: Thread is done: Thread Group 1-99
2025-01-10 12:37:20,875 INFO o.a.j.t.JMeterThread: Thread finished: Thread Group 1-99
2025-01-10 12:37:21,174 INFO o.a.j.t.JMeterThread: Thread started: Thread Group 1-100
2025-01-10 12:37:21,176 INFO o.a.j.t.JMeterThread: Thread is done: Thread Group 1-100
2025-01-10 12:37:21,176 INFO o.a.j.t.JMeterThread: Thread finished: Thread Group 1-100
2025-01-10 12:37:21,176 INFO o.a.j.e.StandardJMeterEngine: Notifying test listeners of end of test
2025-01-10 12:37:21,176 INFO o.a.j.r.Summariser: summary +     70 in 00:00:21 =    3.3/s Avg:     1 Min:     0 Max:     4 Err:    70 (100.00%) Active: 0 Started: 100 Finished: 100
2025-01-10 12:37:21,176 INFO o.a.j.r.Summariser: summary =    100 in 00:00:30 =    3.4/s Avg:     1 Min:     0 Max:    36 Err:   100 (100.00%)
